Você disse: testando 11
nome 22 diz: 22 recebeu e enviando
Você disse: olá!
Você disse: ol-a 44
Você disse: teste 11
nome 33 diz: teste entrei 343
nome 33 diz:  até logo!
Você disse: teste de envio 11 para 22
Você disse: teste
Você disse: TESTE 11
nome 22 diz: teste recebido
Você disse: resere
Você disse: teste de 11
nome 44 diz: msn recebida por 11
nome 44 diz:  até logo!
Você disse: 111111
Você disse: 1212
nome 22 diz: 2121212
nome 33 diz: 13weqeqe
Você disse: saasdfasf
Você disse: 11
Você disse: dqfqwf
Você disse: fsdfsdfsdf
Você disse: sdsdgvsdgdsf
Você disse: 2'12'1
nome 22 diz: 1'2'12'12
Você disse: teste 11
nome 22 diz: teste 12
