nome 11 diz: testando 11
Você disse: 22 recebeu e enviando
nome 11 diz:  até logo!
Você disse: teste 22
nome 11 diz: TESTE 11
Você disse: teste recebido
Você disse: adasdasd
Você disse: 2

Você disse: 3
Você disse: 4rre
null diz: 4rre
null diz:  até logo!
nome 33 diz: men 33
Você disse: msn recebidar por 22
Você disse: teste 22
nome 11 diz: 1212
Você disse: 2121212
nome 33 diz: 13weqeqe
Você disse: gfhgf
gfjhfgjfgjgfj
gjhgfjfgjfgjgjgfjfg
Você disse: asdasdasd
Você disse: assafasfasfdasfasfd
Você disse: 1212221
Você disse: eqeqeqweq
Você disse: asfasfasfasf
Você disse: sdfsdfsdfsdf
nome 11 diz: 2'12'1
Você disse: 1'2'12'12
nome 11 diz: teste 11
Você disse: teste 12
nome 11 diz:  até logo!
